Using pre-set license
Built from '2020.2/staging' branch; Version is '2020.2.0b14 (dc0b50340a64) revision 14420816'; Using compiler version '192528614'; Build Type 'Release'
OS: 'Windows 10  (10.0.0) 64bit' Language: 'en' Physical Memory: 49083 MB
BatchMode: 1, IsHumanControllingUs: 0, StartBugReporterOnCrash: 0, Is64bit: 1, IsPro: 0

 COMMAND LINE ARGUMENTS:
E:\Program Files\Unity\2020.2.0b14\Editor\Unity.exe
-adb2
-batchMode
-noUpm
-name
AssetImportWorker0
-projectPath
E:/Decentraland/ao_explorer/unity-client
-logFile
Logs/AssetImportWorker0.log
-srvPort
52980
Successfully changed project path to: E:/Decentraland/ao_explorer/unity-client
E:/Decentraland/ao_explorer/unity-client
Using Asset Import Pipeline V2.
Refreshing native plugins compatible for Editor in 79.29 ms, found 0 plugins.
Preloading 0 native plugins for Editor in 0.00 ms.
Initialize engine version: 2020.2.0b14 (dc0b50340a64)
[Subsystems] Discovering subsystems at path E:/Program Files/Unity/2020.2.0b14/Editor/Data/Resources/UnitySubsystems
[Subsystems] Discovering subsystems at path E:/Decentraland/ao_explorer/unity-client/Assets
GfxDevice: creating device client; threaded=0
Direct3D:
    Version:  Direct3D 11.0 [level 11.1]
    Renderer: NVIDIA GeForce GTX 1070 (ID=0x1b81)
    Vendor:   
    VRAM:     8088 MB
    Driver:   27.21.14.5751
Shader 'Universal Render Pipeline/Particles/Lit': fallback shader 'Universal Render Pipeline/Particles/SimpleLit' not found
Initialize mono
Mono path[0] = 'E:/Program Files/Unity/2020.2.0b14/Editor/Data/Managed'
Mono path[1] = 'E:/Program Files/Unity/2020.2.0b14/Editor/Data/MonoBleedingEdge/lib/mono/unityjit'
Mono config path = 'E:/Program Files/Unity/2020.2.0b14/Editor/Data/MonoBleedingEdge/etc'
Using monoOptions --debugger-agent=transport=dt_socket,embedding=1,server=y,suspend=n,address=127.0.0.1:56040
Begin MonoManager ReloadAssembly
Registering precompiled unity dll's ...
Register platform support module: E:/Program Files/Unity/2020.2.0b14/Editor/Data/PlaybackEngines/WebGLSupport/UnityEditor.WebGL.Extensions.dll
Register platform support module: E:/Program Files/Unity/2020.2.0b14/Editor/Data/PlaybackEngines/WindowsStandaloneSupport/UnityEditor.WindowsStandalone.Extensions.dll
Registered in 0.000885 seconds.
Native extension for WindowsStandalone target not found
Native extension for WebGL target not found
Refreshing native plugins compatible for Editor in 86.23 ms, found 0 plugins.
Preloading 0 native plugins for Editor in 0.00 ms.
Invoked RoslynAnalysisRunner static constructor.
RoslynAnalysisRunner will not be running.
RoslynAnalysisRunner has terminated.
Mono: successfully reloaded assembly
- Completed reload, in  0.741 seconds
Platform modules already initialized, skipping
Registering precompiled user dll's ...
Registered in 0.003193 seconds.
Begin MonoManager ReloadAssembly
Error: Could not load signature of DCL.Helpers.TestHelpers:GetPBTransform due to: Could not load file or assembly 'Google.Protobuf, Version=3.9.2.0, Culture=neutral, PublicKeyToken=a7d26565bac4d604' or one of its dependencies. assembly:Google.Protobuf, Version=3.9.2.0, Culture=neutral, PublicKeyToken=a7d26565bac4d604 type:<unknown type> member:(null) signature:<none>

Error: Could not load signature of Tests.WelcomeHUDControllerShould+<>c__DisplayClass1_0:<ReactToViewOnButtonConfirm>b__1 due to: Could not load file or assembly 'NSubstitute, Version=4.2.0.0, Culture=neutral, PublicKeyToken=92dd2e9066daa5ca' or one of its dependencies. assembly:NSubstitute, Version=4.2.0.0, Culture=neutral, PublicKeyToken=92dd2e9066daa5ca type:<unknown type> member:(null) signature:<none>

Error: Could not load signature of CullingControllerTests.CullingControllerShould+<>c__DisplayClass9_0:<ResetObjects>b__0 due to: Could not load file or assembly 'NSubstitute, Version=4.2.0.0, Culture=neutral, PublicKeyToken=92dd2e9066daa5ca' or one of its dependencies. assembly:NSubstitute, Version=4.2.0.0, Culture=neutral, PublicKeyToken=92dd2e9066daa5ca type:<unknown type> member:(null) signature:<none>

Error: Could not load signature of DCL.Interface.EngineinterfaceReflection:get_Descriptor due to: Could not load file or assembly 'Google.Protobuf, Version=3.9.2.0, Culture=neutral, PublicKeyToken=a7d26565bac4d604' or one of its dependencies. assembly:Google.Protobuf, Version=3.9.2.0, Culture=neutral, PublicKeyToken=a7d26565bac4d604 type:<unknown type> member:(null) signature:<none>

Error: Could not load signature of NSubstitute.Example.ClientCatalogTest+<>c__DisplayClass0_0:<CatalogConnectsToDatabaseSuccessfully>b__1 due to: Could not load file or assembly 'NSubstitute, Version=4.2.0.0, Culture=neutral, PublicKeyToken=92dd2e9066daa5ca' or one of its dependencies. assembly:NSubstitute, Version=4.2.0.0, Culture=neutral, PublicKeyToken=92dd2e9066daa5ca type:<unknown type> member:(null) signature:<none>

Unloading broken assembly Library/ScriptAssemblies/Unity.RenderPipelines.Core.Editor.dll, this assembly can cause crashes in the runtime

Unloading broken assembly Library/ScriptAssemblies/TestHelpers.dll, this assembly can cause crashes in the runtime

Unloading broken assembly Library/ScriptAssemblies/WelcomeHUDTests.dll, this assembly can cause crashes in the runtime

Unloading broken assembly Library/ScriptAssemblies/CullingControllerTests.dll, this assembly can cause crashes in the runtime

Unloading broken assembly Library/ScriptAssemblies/Protocol.dll, this assembly can cause crashes in the runtime

Unloading broken assembly Library/ScriptAssemblies/NSubstituteExamples.dll, this assembly can cause crashes in the runtime

Native extension for WindowsStandalone target not found
Native extension for WebGL target not found
Refreshing native plugins compatible for Editor in 69.77 ms, found 0 plugins.
Preloading 0 native plugins for Editor in 0.00 ms.
Invoked RoslynAnalysisRunner static constructor.
RoslynAnalysisRunner will not be running.
RoslynAnalysisRunner has terminated.
Mono: successfully reloaded assembly
- Completed reload, in  0.997 seconds
Platform modules already initialized, skipping
========================================================================
Worker process is ready to serve import requests
Shader 'Universal Render Pipeline/Particles/Lit': fallback shader 'Universal Render Pipeline/Particles/SimpleLit' not found
Launched and connected shader compiler UnityShaderCompiler.exe after 0.03 seconds
Refreshing native plugins compatible for Editor in 1.34 ms, found 0 plugins.
Preloading 0 native plugins for Editor in 0.00 ms.
Unloading 3736 Unused Serialized files (Serialized files now loaded: 0)
System memory in use before: 159.1 MB.
System memory in use after: 159.2 MB.

Unloading 30 unused Assets to reduce memory usage. Loaded Objects now: 4208.
Total: 3.871700 ms (FindLiveObjects: 0.718000 ms CreateObjectMapping: 0.132600 ms MarkObjects: 2.910300 ms  DeleteObjects: 0.109200 ms)

========================================================================
Received Import Request.
  path: Assets/Rendering/Shaders/URP/Lit.shader
  artifactKey: Guid(7bc4dc8666ba3c94e80873a8e72e5b06) Importer(815301076,1909f56bfc062723c751e8b465ee728b)
Start importing Assets/Rendering/Shaders/URP/Lit.shader using Guid(7bc4dc8666ba3c94e80873a8e72e5b06) Importer(815301076,1909f56bfc062723c751e8b465ee728b)  -> (artifact id: '7f91be7e3cbce21eade317719c4ea435') in 0.031834 seconds
  Import took 0.037505 seconds .

========================================================================
Received Import Request.
  Time since last request: 162.230277 seconds.
  path: Assets/Rendering/Shaders/URP/Unlit.shader
  artifactKey: Guid(5b3c732a09c146043bab5ef523bbca23) Importer(815301076,1909f56bfc062723c751e8b465ee728b)
Start importing Assets/Rendering/Shaders/URP/Unlit.shader using Guid(5b3c732a09c146043bab5ef523bbca23) Importer(815301076,1909f56bfc062723c751e8b465ee728b)  -> (artifact id: '0282c16f2957f32449aac143b19f9333') in 0.005388 seconds
  Import took 0.010631 seconds .

========================================================================
Received Import Request.
  Time since last request: 0.003755 seconds.
  path: Assets/Rendering/Shaders/URP/Unlit.shader
  artifactKey: Guid(5b3c732a09c146043bab5ef523bbca23) Importer(815301076,1909f56bfc062723c751e8b465ee728b)
Start importing Assets/Rendering/Shaders/URP/Unlit.shader using Guid(5b3c732a09c146043bab5ef523bbca23) Importer(815301076,1909f56bfc062723c751e8b465ee728b)  -> (artifact id: '0282c16f2957f32449aac143b19f9333') in 0.001883 seconds
  Import took 0.005986 seconds .

========================================================================
Received Import Request.
  Time since last request: 0.454543 seconds.
  path: Assets/Rendering/Shaders/URP/LitInput.hlsl
  artifactKey: Guid(2a3592dcfe10f804c98bb2e06bbf6283) Importer(815301076,1909f56bfc062723c751e8b465ee728b)
Start importing Assets/Rendering/Shaders/URP/LitInput.hlsl using Guid(2a3592dcfe10f804c98bb2e06bbf6283) Importer(815301076,1909f56bfc062723c751e8b465ee728b)  -> (artifact id: '6038e716dba1cf9a3e54628186fefced') in 0.008629 seconds
  Import took 0.014088 seconds .

========================================================================
Received Import Request.
  Time since last request: 21.792156 seconds.
  path: Packages/com.unity.render-pipelines.universal/Shaders
  artifactKey: Guid(248877dd7078443d6b51abf21ee7d52a) Importer(815301076,1909f56bfc062723c751e8b465ee728b)
Start importing Packages/com.unity.render-pipelines.universal/Shaders using Guid(248877dd7078443d6b51abf21ee7d52a) Importer(815301076,1909f56bfc062723c751e8b465ee728b)  -> (artifact id: 'ac023125bf326c12a1e9a32c68b87bb4') in 0.005521 seconds
  Import took 0.011428 seconds .

========================================================================
Received Import Request.
  Time since last request: 26.773822 seconds.
  path: Packages/com.unity.ugui/package.json
  artifactKey: Guid(319b8889f363f5947acf209c17a94149) Importer(815301076,1909f56bfc062723c751e8b465ee728b)
Start importing Packages/com.unity.ugui/package.json using Guid(319b8889f363f5947acf209c17a94149) Importer(815301076,1909f56bfc062723c751e8b465ee728b)  -> (artifact id: 'cd1a630475c9022b9f88967cfc9a4833') in 0.009270 seconds
  Import took 0.015917 seconds .

========================================================================
Received Import Request.
  Time since last request: 0.001031 seconds.
  path: Packages/com.unity.ugui/package.json
  artifactKey: Guid(319b8889f363f5947acf209c17a94149) Importer(815301076,1909f56bfc062723c751e8b465ee728b)
Start importing Packages/com.unity.ugui/package.json using Guid(319b8889f363f5947acf209c17a94149) Importer(815301076,1909f56bfc062723c751e8b465ee728b)  -> (artifact id: 'cd1a630475c9022b9f88967cfc9a4833') in 0.001975 seconds
  Import took 0.005958 seconds .

========================================================================
Received Import Request.
  Time since last request: 8.802672 seconds.
  path: Packages/com.unity.render-pipelines.universal/package.json
  artifactKey: Guid(30648b8d550465f4bb77f1e1afd0b37d) Importer(815301076,1909f56bfc062723c751e8b465ee728b)
Start importing Packages/com.unity.render-pipelines.universal/package.json using Guid(30648b8d550465f4bb77f1e1afd0b37d) Importer(815301076,1909f56bfc062723c751e8b465ee728b)  -> (artifact id: 'ec45e9301fd0031a7c4714b5e7c67cc0') in 0.002362 seconds
  Import took 0.008115 seconds .

========================================================================
Received Import Request.
  Time since last request: 352.326808 seconds.
  path: Packages/com.unity.render-pipelines.universal/ShaderLibrary/SurfaceInput.hlsl
  artifactKey: Guid(546b9685ee7cc0941afd734baa08db2a) Importer(815301076,1909f56bfc062723c751e8b465ee728b)
Start importing Packages/com.unity.render-pipelines.universal/ShaderLibrary/SurfaceInput.hlsl using Guid(546b9685ee7cc0941afd734baa08db2a) Importer(815301076,1909f56bfc062723c751e8b465ee728b)  -> (artifact id: '8738547e65dcaf084d348db0eaa8ecaf') in 0.006512 seconds
  Import took 0.012964 seconds .

========================================================================
Received Import Request.
  Time since last request: 28.170460 seconds.
  path: Packages/com.unity.render-pipelines.universal/ShaderLibrary/SurfaceData.hlsl
  artifactKey: Guid(181b211e2007bd4478d853b8964457ab) Importer(815301076,1909f56bfc062723c751e8b465ee728b)
Start importing Packages/com.unity.render-pipelines.universal/ShaderLibrary/SurfaceData.hlsl using Guid(181b211e2007bd4478d853b8964457ab) Importer(815301076,1909f56bfc062723c751e8b465ee728b)  -> (artifact id: '5304077b8aa6aa3ee6a76e39ae903bf4') in 0.005591 seconds
  Import took 0.010781 seconds .

AssetImportWorkerClient::OnTransportError - code=2 error=End of file
